/usr/lib/ruby/site_ruby/1.8/puppet/util/settings/boolean_setting.rb:27:in `munge': Invalid value '"on"' for ca (ArgumentError)
	from /usr/lib/ruby/site_ruby/1.8/puppet/util/settings.rb:490:in `set_value'
	from /usr/lib/ruby/site_ruby/1.8/puppet/util/settings.rb:324:in `unsafe_parse'
	from /usr/lib/ruby/site_ruby/1.8/puppet/util/settings.rb:323:in `each'
	from /usr/lib/ruby/site_ruby/1.8/puppet/util/settings.rb:323:in `unsafe_parse'
	from /usr/lib/ruby/site_ruby/1.8/puppet/util/settings.rb:321:in `each'
	from /usr/lib/ruby/site_ruby/1.8/puppet/util/settings.rb:321:in `unsafe_parse'
	from /usr/lib/ruby/site_ruby/1.8/puppet/util/settings.rb:299:in `parse'
	from /usr/lib/ruby/1.8/sync.rb:230:in `synchronize'
	from /usr/lib/ruby/site_ruby/1.8/puppet/util/settings.rb:298:in `parse'
	from /usr/lib/ruby/site_ruby/1.8/puppet/application.rb:303:in `run'
	from /usr/lib/ruby/site_ruby/1.8/puppet/application.rb:411:in `exit_on_fail'
	from /usr/lib/ruby/site_ruby/1.8/puppet/application.rb:303:in `run'
	from /usr/sbin/puppetmasterd:4
/usr/lib/ruby/site_ruby/1.8/puppet/util/settings/boolean_setting.rb:27:in `munge': Invalid value '"on"' for ca (ArgumentError)
	from /usr/lib/ruby/site_ruby/1.8/puppet/util/settings.rb:490:in `set_value'
	from /usr/lib/ruby/site_ruby/1.8/puppet/util/settings.rb:324:in `unsafe_parse'
	from /usr/lib/ruby/site_ruby/1.8/puppet/util/settings.rb:323:in `each'
	from /usr/lib/ruby/site_ruby/1.8/puppet/util/settings.rb:323:in `unsafe_parse'
	from /usr/lib/ruby/site_ruby/1.8/puppet/util/settings.rb:321:in `each'
	from /usr/lib/ruby/site_ruby/1.8/puppet/util/settings.rb:321:in `unsafe_parse'
	from /usr/lib/ruby/site_ruby/1.8/puppet/util/settings.rb:299:in `parse'
	from /usr/lib/ruby/1.8/sync.rb:230:in `synchronize'
	from /usr/lib/ruby/site_ruby/1.8/puppet/util/settings.rb:298:in `parse'
	from /usr/lib/ruby/site_ruby/1.8/puppet/application.rb:303:in `run'
	from /usr/lib/ruby/site_ruby/1.8/puppet/application.rb:411:in `exit_on_fail'
	from /usr/lib/ruby/site_ruby/1.8/puppet/application.rb:303:in `run'
	from /usr/sbin/puppetmasterd:4
/usr/lib/ruby/site_ruby/1.8/puppet/util/settings/boolean_setting.rb:27:in `munge': Invalid value '"on"' for ca (ArgumentError)
	from /usr/lib/ruby/site_ruby/1.8/puppet/util/settings.rb:490:in `set_value'
	from /usr/lib/ruby/site_ruby/1.8/puppet/util/settings.rb:324:in `unsafe_parse'
	from /usr/lib/ruby/site_ruby/1.8/puppet/util/settings.rb:323:in `each'
	from /usr/lib/ruby/site_ruby/1.8/puppet/util/settings.rb:323:in `unsafe_parse'
	from /usr/lib/ruby/site_ruby/1.8/puppet/util/settings.rb:321:in `each'
	from /usr/lib/ruby/site_ruby/1.8/puppet/util/settings.rb:321:in `unsafe_parse'
	from /usr/lib/ruby/site_ruby/1.8/puppet/util/settings.rb:299:in `parse'
	from /usr/lib/ruby/1.8/sync.rb:230:in `synchronize'
	from /usr/lib/ruby/site_ruby/1.8/puppet/util/settings.rb:298:in `parse'
	from /usr/lib/ruby/site_ruby/1.8/puppet/application.rb:303:in `run'
	from /usr/lib/ruby/site_ruby/1.8/puppet/application.rb:411:in `exit_on_fail'
	from /usr/lib/ruby/site_ruby/1.8/puppet/application.rb:303:in `run'
	from /usr/sbin/puppetmasterd:4
